0 info it worked if it ends with ok
1 verbose cli [ '/Users/kenny/.nvm/versions/node/v6.9.1/bin/node',
1 verbose cli   '/Users/kenny/.nvm/versions/node/v6.9.1/bin/npm',
1 verbose cli   'run',
1 verbose cli   'watch' ]
2 info using npm@3.10.8
3 info using node@v6.9.1
4 verbose run-script [ 'prewatch', 'watch', 'postwatch' ]
5 info lifecycle javascript@1.0.0~prewatch: javascript@1.0.0
6 silly lifecycle javascript@1.0.0~prewatch: no script for prewatch, continuing
7 info lifecycle javascript@1.0.0~watch: javascript@1.0.0
8 verbose lifecycle javascript@1.0.0~watch: unsafe-perm in lifecycle true
9 verbose lifecycle javascript@1.0.0~watch: PATH: /Users/kenny/.nvm/versions/node/v6.9.1/lib/node_modules/npm/bin/node-gyp-bin:/Users/kenny/src/javascript/node_modules/.bin:/Users/kenny/.nvm/versions/node/v6.9.1/bin:/usr/local/bin:/usr/bin:/bin:/usr/sbin:/sbin
10 verbose lifecycle javascript@1.0.0~watch: CWD: /Users/kenny/src/javascript
11 silly lifecycle javascript@1.0.0~watch: Args: [ '-c', 'jest --watch' ]
12 info lifecycle javascript@1.0.0~watch: Failed to exec watch script
13 verbose stack Error: javascript@1.0.0 watch: `jest --watch`
13 verbose stack spawn ENOENT
13 verbose stack     at ChildProcess.<anonymous> (/Users/kenny/.nvm/versions/node/v6.9.1/lib/node_modules/npm/lib/utils/spawn.js:33:16)
13 verbose stack     at emitTwo (events.js:106:13)
13 verbose stack     at ChildProcess.emit (events.js:191:7)
13 verbose stack     at maybeClose (internal/child_process.js:877:16)
13 verbose stack     at Process.ChildProcess._handle.onexit (internal/child_process.js:226:5)
14 verbose pkgid javascript@1.0.0
15 verbose cwd /Users/kenny/src/javascript
16 error Darwin 17.2.0
17 error argv "/Users/kenny/.nvm/versions/node/v6.9.1/bin/node" "/Users/kenny/.nvm/versions/node/v6.9.1/bin/npm" "run" "watch"
18 error node v6.9.1
19 error npm  v3.10.8
20 error file sh
21 error code ELIFECYCLE
22 error errno ENOENT
23 error syscall spawn
24 error javascript@1.0.0 watch: `jest --watch`
24 error spawn ENOENT
25 error Failed at the javascript@1.0.0 watch script 'jest --watch'.
25 error Make sure you have the latest version of node.js and npm installed.
25 error If you do, this is most likely a problem with the javascript package,
25 error not with npm itself.
25 error Tell the author that this fails on your system:
25 error     jest --watch
25 error You can get information on how to open an issue for this project with:
25 error     npm bugs javascript
25 error Or if that isn't available, you can get their info via:
25 error     npm owner ls javascript
25 error There is likely additional logging output above.
26 verbose exit [ 1, true ]
